This is LuaHBTeX, Version 1.17.0 (TeX Live 2023/Debian)  (format=lualatex 2024.11.20)  2 SEP 2025 11:37
 system commands enabled.
**daisy.tex
(./daisy.tex
LaTeX2e <2023-11-01> patch level 1
L3 programming layer <2024-01-22>
Lua module: luaotfload 2023-08-31 3.26 Lua based OpenType font support
Lua module: lualibs 2023-07-13 2.76 ConTeXt Lua standard libraries.
Lua module: lualibs-extended 2023-07-13 2.76 ConTeXt Lua libraries -- extended c
ollection.
luaotfload | conf : Root cache directory is "/home/shogun_sun/.texlive2023/texmf
-var/luatex-cache/generic/names".
luaotfload | init : Loading fontloader "fontloader-2023-08-19.lua" from kpse-res
olved path "/usr/share/texlive/texmf-dist/tex/luatex/luaotfload/fontloader-2023-
08-19.lua".
Lua-only attribute luaotfload@noligature = 1
luaotfload | init : Context OpenType loader version 3.133
Inserting `luaotfload.node_processor' in `pre_linebreak_filter'.
Inserting `luaotfload.node_processor' in `hpack_filter'.
Inserting `luaotfload.glyph_stream' in `glyph_stream_provider'.
Inserting `luaotfload.define_font' in `define_font'.
Lua-only attribute luaotfload_color_attribute = 2
luaotfload | conf : Root cache directory is "/home/shogun_sun/.texlive2023/texmf
-var/luatex-cache/generic/names".
Inserting `luaotfload.harf.strip_prefix' in `find_opentype_file'.
Inserting `luaotfload.harf.strip_prefix' in `find_truetype_file'.
Removing  `luaotfload.glyph_stream' from `glyph_stream_provider'.
Inserting `luaotfload.harf.glyphstream' in `glyph_stream_provider'.
Inserting `luaotfload.harf.finalize_vlist' in `post_linebreak_filter'.
Inserting `luaotfload.harf.finalize_hlist' in `hpack_filter'.
Inserting `luaotfload.cleanup_files' in `wrapup_run'.
Inserting `luaotfload.harf.finalize_unicode' in `finish_pdffile'.
Inserting `luaotfload.glyphinfo' in `glyph_info'.
Lua-only attribute luaotfload.letterspace_done = 3
Inserting `luaotfload.aux.set_sscale_dimens' in `luaotfload.patch_font'.
Inserting `luaotfload.aux.set_font_index' in `luaotfload.patch_font'.
Inserting `luaotfload.aux.patch_cambria_domh' in `luaotfload.patch_font'.
Inserting `luaotfload.aux.fixup_fontdata' in `luaotfload.patch_font_unsafe'.
Inserting `luaotfload.aux.set_capheight' in `luaotfload.patch_font'.
Inserting `luaotfload.aux.set_xheight' in `luaotfload.patch_font'.
Inserting `luaotfload.rewrite_fontname' in `luaotfload.patch_font'.
Inserting `tracingstacklevels' in `input_level_string'. (/usr/share/texlive/tex
mf-dist/tex/latex/base/article.cls
Document Class: article 2023/05/17 v1.4n Standard LaTeX document class
(/usr/share/texlive/texmf-dist/tex/latex/base/size10.clo
File: size10.clo 2023/05/17 v1.4n Standard LaTeX file (size option)
luaotfload | db : Font names database loaded from /home/shogun_sun/.texlive2023/
texmf-var/luatex-cache/generic/names/luaotfload-names.luc.gz)
\c@part=\count185
\c@section=\count186
\c@subsection=\count187
\c@subsubsection=\count188
\c@paragraph=\count189
\c@subparagraph=\count190
\c@figure=\count191
\c@table=\count192
\abovecaptionskip=\skip48
\belowcaptionskip=\skip49
\bibindent=\dimen139
)
(/usr/share/texlive/texmf-dist/tex/luatex/lyluatex/lyluatex.sty
Package: lyluatex 2023/04/18 v1.1.5

(/usr/share/texlive/texmf-dist/tex/latex/graphics/graphicx.sty
Package: graphicx 2021/09/16 v1.2d Enhanced LaTeX Graphics (DPC,SPQR)

(/usr/share/texlive/texmf-dist/tex/latex/graphics/keyval.sty
Package: keyval 2022/05/29 v1.15 key=value parser (DPC)
\KV@toks@=\toks17
)
(/usr/share/texlive/texmf-dist/tex/latex/graphics/graphics.sty
Package: graphics 2022/03/10 v1.4e Standard LaTeX Graphics (DPC,SPQR)

(/usr/share/texlive/texmf-dist/tex/latex/graphics/trig.sty
Package: trig 2021/08/11 v1.11 sin cos tan (DPC)
)
(/usr/share/texlive/texmf-dist/tex/latex/graphics-cfg/graphics.cfg
File: graphics.cfg 2016/06/04 v1.11 sample graphics configuration
)
Package graphics Info: Driver file: luatex.def on input line 107.

(/usr/share/texlive/texmf-dist/tex/latex/graphics-def/luatex.def
File: luatex.def 2022/09/22 v1.2d Graphics/color driver for luatex
))
\Gin@req@height=\dimen140
\Gin@req@width=\dimen141
)
(/usr/share/texlive/texmf-dist/tex/latex/minibox/minibox.sty
(/usr/share/texlive/texmf-dist/tex/latex/l3kernel/expl3.sty
Package: expl3 2024-01-22 L3 programming layer (loader) 

(/usr/share/texlive/texmf-dist/tex/latex/l3backend/l3backend-luatex.def
File: l3backend-luatex.def 2024-01-04 L3 backend support: PDF output (LuaTeX)
\l__color_backend_stack_int=\count193
Inserting `l3color' in `luaotfload.parse_color'.
\l__pdf_internal_box=\box51
))
Package: minibox 2013/06/21 v0.2a Another type of box.
\l_minibox_rule_dim=\dimen142
\l_minibox_pad_dim=\dimen143
)
(/usr/share/texlive/texmf-dist/tex/latex/environ/environ.sty
Package: environ 2014/05/04 v0.3 A new way to define environments

(/usr/share/texlive/texmf-dist/tex/latex/trimspaces/trimspaces.sty
Package: trimspaces 2009/09/17 v1.1 Trim spaces around a token list
)
\@envbody=\toks18
)
(/usr/share/texlive/texmf-dist/tex/latex/currfile/currfile.sty
Package: currfile 2022/10/10 v0.8 Provides the file path elements of the curren
t input file

(/usr/share/texlive/texmf-dist/tex/latex/kvoptions/kvoptions.sty
Package: kvoptions 2022-06-15 v3.15 Key value format for package options (HO)

(/usr/share/texlive/texmf-dist/tex/generic/ltxcmds/ltxcmds.sty
Package: ltxcmds 2023-12-04 v1.26 LaTeX kernel commands for general use (HO)
)
(/usr/share/texlive/texmf-dist/tex/latex/kvsetkeys/kvsetkeys.sty
Package: kvsetkeys 2022-10-05 v1.19 Key value parser (HO)
))
(/usr/share/texlive/texmf-dist/tex/latex/filehook/filehook.sty
Package: filehook 2022/10/25 v0.8b Hooks for input files

(/usr/share/texlive/texmf-dist/tex/latex/filehook/filehook-2020.sty
Package: filehook-2020 2022/10/25 v0.8b Hooks for input files
))
\c@currfiledepth=\count194
)
(/usr/share/texlive/texmf-dist/tex/latex/pdfpages/pdfpages.sty
Package: pdfpages 2024/01/21 v0.5y Insert pages of external PDF documents (AM)

(/usr/share/texlive/texmf-dist/tex/latex/base/ifthen.sty
Package: ifthen 2022/04/13 v1.1d Standard LaTeX ifthen package (DPC)
)
(/usr/share/texlive/texmf-dist/tex/latex/tools/calc.sty
Package: calc 2023/07/08 v4.3 Infix arithmetic (KKT,FJ)
\calc@Acount=\count195
\calc@Bcount=\count196
\calc@Adimen=\dimen144
\calc@Bdimen=\dimen145
\calc@Askip=\skip50
\calc@Bskip=\skip51
LaTeX Info: Redefining \setlength on input line 80.
LaTeX Info: Redefining \addtolength on input line 81.
\calc@Ccount=\count197
\calc@Cskip=\skip52
)
(/usr/share/texlive/texmf-dist/tex/latex/eso-pic/eso-pic.sty
Package: eso-pic 2023/05/03 v3.0c eso-pic (RN)
\ESO@tempdima=\dimen146
\ESO@tempdimb=\dimen147

(/usr/share/texlive/texmf-dist/tex/latex/xcolor/xcolor.sty
Package: xcolor 2023/11/15 v3.01 LaTeX color extensions (UK)

(/usr/share/texlive/texmf-dist/tex/latex/graphics-cfg/color.cfg
File: color.cfg 2016/01/02 v1.6 sample color configuration
)
Package xcolor Info: Driver file: luatex.def on input line 274.

(/usr/share/texlive/texmf-dist/tex/latex/graphics/mathcolor.ltx)
Package xcolor Info: Model `cmy' substituted by `cmy0' on input line 1350.
Package xcolor Info: Model `hsb' substituted by `rgb' on input line 1354.
Package xcolor Info: Model `RGB' extended on input line 1366.
Package xcolor Info: Model `HTML' substituted by `rgb' on input line 1368.
Package xcolor Info: Model `Hsb' substituted by `hsb' on input line 1369.
Package xcolor Info: Model `tHsb' substituted by `hsb' on input line 1370.
Package xcolor Info: Model `HSB' substituted by `hsb' on input line 1371.
Package xcolor Info: Model `Gray' substituted by `gray' on input line 1372.
Package xcolor Info: Model `wave' substituted by `hsb' on input line 1373.
))
\AM@pagewidth=\dimen148
\AM@pageheight=\dimen149
\AM@fboxrule=\dimen150

(/usr/share/texlive/texmf-dist/tex/latex/pdfpages/ppluatex.def
File: ppluatex.def 2024/01/21 v0.5y Pdfpages driver for LuaTeX (AM)
)
\pdfpages@includegraphics@status=\count198
\AM@pagebox=\box52
\AM@global@opts=\toks19
\AM@pagecnt=\count199
\AM@toc@title=\toks20
\AM@lof@heading=\toks21
\c@AM@survey=\count266
\AM@templatesizebox=\box53
)
(/usr/share/texlive/texmf-dist/tex/latex/varwidth/varwidth.sty
Package: varwidth 2009/03/30 ver 0.92;  Variable-width minipages
\@vwid@box=\box54
\sift@deathcycles=\count267
\@vwid@loff=\dimen151
\@vwid@roff=\dimen152
)
(/usr/share/texlive/texmf-dist/tex/lualatex/luaoptions/luaoptions.sty
Package: luaoptions 2022/10/30 v0.8

(/usr/share/texlive/texmf-dist/tex/luatex/luatexbase/luatexbase.sty
Package: luatexbase 2015/10/04 v1.3 luatexbase interface to LuaTeX 

(/usr/share/texlive/texmf-dist/tex/luatex/ctablestack/ctablestack.sty
Package: ctablestack 2015/10/01 v1.0 Catcode table stable support
\@catcodetablestackcnt=\count268
)
\CatcodeTableOther=\catcodetable14
\CatcodeTableExpl=\catcodetable15
)
(/usr/share/texlive/texmf-dist/tex/latex/xkeyval/xkeyval.sty
Package: xkeyval 2022/06/16 v2.9 package option processing (HA)

(/usr/share/texlive/texmf-dist/tex/generic/xkeyval/xkeyval.tex
(/usr/share/texlive/texmf-dist/tex/generic/xkeyval/xkvutils.tex
\XKV@toks=\toks22
\XKV@tempa@toks=\toks23
)
\XKV@depth=\count269
File: xkeyval.tex 2014/12/03 v2.7a key=value parser (HA)
))
Lua module: luaoptions 2022/10/30 0.8 Module luaoptions.
Lua module: luaoptions-lib 2022/10/30 0.8 Module luaoptions-lib.)
(/usr/share/texlive/texmf-dist/tex/latex/metalogo/metalogo.sty
Package: metalogo 2010/05/29 v0.12 Extended TeX logo macros

(/usr/share/texlive/texmf-dist/tex/generic/iftex/ifxetex.sty
Package: ifxetex 2019/10/25 v0.7 ifxetex legacy package. Use iftex instead.

(/usr/share/texlive/texmf-dist/tex/generic/iftex/iftex.sty
Package: iftex 2022/02/03 v1.0f TeX engine tests
))
\xl@everylogo=\toks24
\xl@@everylogo=\toks25
LaTeX Info: Redefining \TeX on input line 193.
LaTeX Info: Redefining \LaTeX on input line 202.
LaTeX Info: Redefining \LaTeXe on input line 219.
)
Lua module: lyluatex 2023/04/18 1.1.5 Module lyluatex.)
No file daisy.aux.

\openout1 = daisy.aux
LaTeX Font Info:    Checking defaults for OML/cmm/m/it on input line 4.
LaTeX Font Info:    ... okay on input line 4.
LaTeX Font Info:    Checking defaults for OMS/cmsy/m/n on input line 4.
LaTeX Font Info:    ... okay on input line 4.
LaTeX Font Info:    Checking defaults for OT1/cmr/m/n on input line 4.
LaTeX Font Info:    ... okay on input line 4.
LaTeX Font Info:    Checking defaults for T1/cmr/m/n on input line 4.
LaTeX Font Info:    ... okay on input line 4.
LaTeX Font Info:    Checking defaults for TS1/cmr/m/n on input line 4.
LaTeX Font Info:    Trying to load font information for TS1+cmr on input line 4
.
(/usr/share/texlive/texmf-dist/tex/latex/base/ts1cmr.fd
File: ts1cmr.fd 2023/04/13 v2.5m Standard LaTeX font definitions
)
LaTeX Font Info:    ... okay on input line 4.
LaTeX Font Info:    Checking defaults for TU/lmr/m/n on input line 4.
LaTeX Font Info:    ... okay on input line 4.
LaTeX Font Info:    Checking defaults for OMX/cmex/m/n on input line 4.
LaTeX Font Info:    ... okay on input line 4.
LaTeX Font Info:    Checking defaults for U/cmr/m/n on input line 4.
LaTeX Font Info:    ... okay on input line 4.

(/usr/share/texlive/texmf-dist/tex/context/base/mkii/supp-pdf.mkii
[Loading MPS to PDF converter (version 2006.09.02).]
\scratchcounter=\count270
\scratchdimen=\dimen153
\scratchbox=\box55
\nofMPsegments=\count271
\nofMParguments=\count272
\everyMPshowfont=\toks26
\MPscratchCnt=\count273
\MPscratchDim=\dimen154
\MPnumerator=\count274
\makeMPintoPDFobject=\count275
\everyMPtoPDFconversion=\toks27
) (/usr/share/texlive/texmf-dist/tex/latex/epstopdf-pkg/epstopdf-base.sty
Package: epstopdf-base 2020-01-24 v2.11 Base part for package epstopdf
Package epstopdf-base Info: Redefining graphics rule for `.eps' on input line 4
85.

(/usr/share/texlive/texmf-dist/tex/latex/latexconfig/epstopdf-sys.cfg
File: epstopdf-sys.cfg 2010/07/13 v1.3 Configuration of (r)epstopdf for TeX Liv
e
))
(/usr/share/texlive/texmf-dist/tex/latex/pdflscape/pdflscape.sty
Package: pdflscape 2022-10-27 v0.13 Display of landscape pages in PDF

(/usr/share/texlive/texmf-dist/tex/latex/pdflscape/pdflscape-nometadata.sty
Package: pdflscape-nometadata 2022-10-28 v0.13 Display of landscape pages in PD
F (HO)

(/usr/share/texlive/texmf-dist/tex/latex/graphics/lscape.sty
Package: lscape 2020/05/28 v3.02 Landscape Pages (DPC)
)
Package pdflscape Info: Auto-detected driver: pdftex on input line 81.
))
Inserting `readline' in `process_input_buffer'.
Removing  `readline' from `process_input_buffer'.
Module lyluatex Warning: Found something incompatible with `fragment`
(lyluatex)               (or `relative`). Setting them to false.
(lyluatex)               on input line 85
Module lyluatex Info: Compiling score tmp-ly/eabf73c5940bc9ee3405075dcc2da61e wi
th LilyPond executable 'lilypond'. on input line 85
Package epstopdf Info: Source file: <tmp-ly/eabf73c5940bc9ee3405075dcc2da61e-1.
eps>
(epstopdf)                    date: 2025-09-02 11:37:07
(epstopdf)                    size: 338126 bytes
(epstopdf)             Output file: <tmp-ly/eabf73c5940bc9ee3405075dcc2da61e-1-
eps-converted-to.pdf>
(epstopdf)             Command: <repstopdf --outfile=tmp-ly/eabf73c5940bc9ee340
5075dcc2da61e-1-eps-converted-to.pdf tmp-ly/eabf73c5940bc9ee3405075dcc2da61e-1.
eps>
(epstopdf)             \includegraphics on input line 4.
system(repstopdf --outfile=tmp-ly/eabf73c5940bc9ee3405075dcc2da61e-1-eps-convert
ed-to.pdf tmp-ly/eabf73c5940bc9ee3405075dcc2da61e-1.eps) executed.
Package epstopdf Info: Result file: <tmp-ly/eabf73c5940bc9ee3405075dcc2da61e-1-
eps-converted-to.pdf>
(epstopdf)                    date: 2025-09-02 11:37:09
(epstopdf)                    size: 14398 bytes.
<tmp-ly/eabf73c5940bc9ee3405075dcc2da61e-1-eps-converted-to.pdf, id=1, 407.5225
pt x 80.3pt>
File: tmp-ly/eabf73c5940bc9ee3405075dcc2da61e-1-eps-converted-to.pdf Graphic fi
le (type pdf)
<use tmp-ly/eabf73c5940bc9ee3405075dcc2da61e-1-eps-converted-to.pdf>
Package luatex.def Info: tmp-ly/eabf73c5940bc9ee3405075dcc2da61e-1-eps-converte
d-to.pdf  used on input line 4.
(luatex.def)             Requested size: 407.5215pt x 80.29979pt.
Package epstopdf Info: Source file: <tmp-ly/eabf73c5940bc9ee3405075dcc2da61e-2.
eps>
(epstopdf)                    date: 2025-09-02 11:37:07
(epstopdf)                    size: 336034 bytes
(epstopdf)             Output file: <tmp-ly/eabf73c5940bc9ee3405075dcc2da61e-2-
eps-converted-to.pdf>
(epstopdf)             Command: <repstopdf --outfile=tmp-ly/eabf73c5940bc9ee340
5075dcc2da61e-2-eps-converted-to.pdf tmp-ly/eabf73c5940bc9ee3405075dcc2da61e-2.
eps>
(epstopdf)             \includegraphics on input line 7.
system(repstopdf --outfile=tmp-ly/eabf73c5940bc9ee3405075dcc2da61e-2-eps-convert
ed-to.pdf tmp-ly/eabf73c5940bc9ee3405075dcc2da61e-2.eps) executed.
Package epstopdf Info: Result file: <tmp-ly/eabf73c5940bc9ee3405075dcc2da61e-2-
eps-converted-to.pdf>
(epstopdf)                    date: 2025-09-02 11:37:09
(epstopdf)                    size: 28025 bytes.
<tmp-ly/eabf73c5940bc9ee3405075dcc2da61e-2-eps-converted-to.pdf, id=2, 407.5225
pt x 76.285pt>
File: tmp-ly/eabf73c5940bc9ee3405075dcc2da61e-2-eps-converted-to.pdf Graphic fi
le (type pdf)
<use tmp-ly/eabf73c5940bc9ee3405075dcc2da61e-2-eps-converted-to.pdf>
Package luatex.def Info: tmp-ly/eabf73c5940bc9ee3405075dcc2da61e-2-eps-converte
d-to.pdf  used on input line 7.
(luatex.def)             Requested size: 407.5215pt x 76.2848pt.
Package epstopdf Info: Source file: <tmp-ly/eabf73c5940bc9ee3405075dcc2da61e-3.
eps>
(epstopdf)                    date: 2025-09-02 11:37:07
(epstopdf)                    size: 336649 bytes
(epstopdf)             Output file: <tmp-ly/eabf73c5940bc9ee3405075dcc2da61e-3-
eps-converted-to.pdf>
(epstopdf)             Command: <repstopdf --outfile=tmp-ly/eabf73c5940bc9ee340
5075dcc2da61e-3-eps-converted-to.pdf tmp-ly/eabf73c5940bc9ee3405075dcc2da61e-3.
eps>
(epstopdf)             \includegraphics on input line 10.
system(repstopdf --outfile=tmp-ly/eabf73c5940bc9ee3405075dcc2da61e-3-eps-convert
ed-to.pdf tmp-ly/eabf73c5940bc9ee3405075dcc2da61e-3.eps) executed.
Package epstopdf Info: Result file: <tmp-ly/eabf73c5940bc9ee3405075dcc2da61e-3-
eps-converted-to.pdf>
(epstopdf)                    date: 2025-09-02 11:37:09
(epstopdf)                    size: 28184 bytes.
<tmp-ly/eabf73c5940bc9ee3405075dcc2da61e-3-eps-converted-to.pdf, id=3, 383.4325
pt x 76.285pt>
File: tmp-ly/eabf73c5940bc9ee3405075dcc2da61e-3-eps-converted-to.pdf Graphic fi
le (type pdf)
<use tmp-ly/eabf73c5940bc9ee3405075dcc2da61e-3-eps-converted-to.pdf>
Package luatex.def Info: tmp-ly/eabf73c5940bc9ee3405075dcc2da61e-3-eps-converte
d-to.pdf  used on input line 10.
(luatex.def)             Requested size: 383.43156pt x 76.2848pt.

Overfull \hbox (29.40678pt too wide) in paragraph at lines 10--86
| [] 
 []


Underfull \hbox (badness 10000) in paragraph at lines 10--86

 []

[1

{/var/lib/texmf/fonts/map/pdftex/updmap/pdftex.map}<./tmp-ly/eabf73c5940bc9ee340
5075dcc2da61e-1-eps-converted-to.pdf><./tmp-ly/eabf73c5940bc9ee3405075dcc2da61e-
2-eps-converted-to.pdf><./tmp-ly/eabf73c5940bc9ee3405075dcc2da61e-3-eps-converte
d-to.pdf>] (./daisy.aux)
 ***********
LaTeX2e <2023-11-01> patch level 1
L3 programming layer <2024-01-22>
 ***********
)

Here is how much of LuaTeX's memory you used:
 4336 strings out of 476553
 100000,1977958 words of node,token memory allocated
 416 words of node memory still in use:
   3 hlist, 1 vlist, 1 rule, 2 glue, 3 kern, 1 glyph, 4 attribute, 50 glue_spec,
 4 attribute_list, 1 write nodes
   avail lists: 2:90,3:18,4:10,5:34,6:6,7:94,9:86
 26203 multiletter control sequences out of 65536+600000
 17 fonts using 981207 bytes
 85i,5n,89p,1606b,203s stack positions out of 10000i,1000n,20000p,200000b,200000s
</usr/share/texmf/fonts/opentype/public/lm/lmroman10-regular.otf>
Output written on daisy.pdf (1 page, 63064 bytes).

PDF statistics: 58 PDF objects out of 1000 (max. 8388607)
 39 compressed objects within 1 object stream
 0 named destinations out of 1000 (max. 131072)
 1 words of extra memory for PDF output out of 10000 (max. 100000000)

